<?xml version="1.0" encoding="utf-8"?><testsuites><testsuite name="pytest" errors="1" failures="2" skipped="0" tests="53" time="25.538" timestamp="2023-02-25T12:40:35.655970" hostname="fv-az571-592"><testcase classname="test.test_calculations.TestHistogram" name="test_calculate" time="0.001" /><testcase classname="test.test_calculations.TestHistogram" name="test_to_string" time="0.001" /><testcase classname="test.test_calculations.TestCoordinationNumbers" name="test_calculate[1.7]" time="0.001" /><testcase classname="test.test_calculations.TestCoordinationNumbers" name="test_calculate[INF]" time="0.001" /><testcase classname="test.test_calculations.TestCoordinationNumbers" name="test_to_string" time="0.000" /><testcase classname="test.test_calculations.TestCoordinationNumbers" name="test__get_list_of_coordination_numbers" time="0.000" /><testcase classname="test.test_calculations.TestCoordinationNumbers" name="test_calculate_statistics" time="0.001" /><testcase classname="test.test_calculations.TestQiUnits" name="test_calculate[1.7]" time="0.001" /><testcase classname="test.test_calculations.TestQiUnits" name="test_calculate[INF]" time="0.001" /><testcase classname="test.test_calculations.TestQiUnits" name="test_calculate_statistics" time="0.001" /><testcase classname="test.test_calculations.TestQiUnits" name="test_to_string" time="0.000" /><testcase classname="test.test_calculations.TestConnections" name="test_calculate" time="0.001" /><testcase classname="test.test_calculations.TestConnections" name="test_to_string" time="0.001" /><testcase classname="test.test_calculations.TestBondLength" name="test_calculate" time="2.711" /><testcase classname="test.test_calculations.TestBondLength" name="test_to_string" time="0.001" /><testcase classname="test.test_calculations.TestCovalence" name="test_calculate" time="0.000" /><testcase classname="test.test_calculations.TestCovalence" name="test_to_string" time="0.000" /><testcase classname="test.test_calculations.TestEndToEnd" name="test_end_to_end" time="0.304" /><testcase classname="test.test_calculations_for_atoms_lists.Test_FromPairOfAtoms" name="test__get_unique_atom_symbols" time="0.001" /><testcase classname="test.test_calculations_for_atoms_lists.TestHistogramsFromPairOfAtoms" name="test_calculate" time="0.002" /><testcase classname="test.test_calculations_for_atoms_lists.TestHistogramsFromPairOfAtoms" name="test_remove_duplicates" time="0.001" /><testcase classname="test.test_calculations_for_atoms_lists.TestHistogramsFromPairOfAtoms" name="test_to_string" time="0.002" /><testcase classname="test.test_calculations_for_atoms_lists.TestCoordinationNumbersFromPairOfAtoms" name="test_calculate" time="0.001" /><testcase classname="test.test_calculations_for_atoms_lists.TestCoordinationNumbersFromPairOfAtoms" name="test_calculate_statistics" time="0.001" /><testcase classname="test.test_calculations_for_atoms_lists.TestCoordinationNumbersFromPairOfAtoms" name="test_to_string" time="0.001" /><testcase classname="test.test_calculations_for_atoms_lists.TestConnectionsFromPairOfAtoms" name="test_calculate" time="0.001" /><testcase classname="test.test_calculations_for_atoms_lists.TestConnectionsFromPairOfAtoms" name="test_to_string" time="0.001" /><testcase classname="test.test_calculations_for_atoms_lists.TestBondLengthFromPairOfAtoms" name="test_calculate" time="6.461" /><testcase classname="test.test_calculations_for_atoms_lists.TestBondLengthFromPairOfAtoms" name="test_to_string" time="6.426" /><testcase classname="test.test_calculations_for_atoms_lists.TestCovalenceFromPairOfAtoms" name="test_calculate" time="0.001" /><testcase classname="test.test_calculations_for_atoms_lists.TestCovalenceFromPairOfAtoms" name="test_to_string" time="0.001" /><testcase classname="test.test_calculations_for_atoms_lists.TestQiUnitsFromPairOfAtoms" name="test_calculate" time="0.001" /><testcase classname="test.test_calculations_for_atoms_lists.TestQiUnitsFromPairOfAtoms" name="test_calculate_statistics" time="0.001" /><testcase classname="test.test_calculations_for_atoms_lists.TestQiUnitsFromPairOfAtoms" name="test_to_string" time="0.001" /><testcase classname="test.test_end_to_end.TestEndToEnd" name="test_execute_app_in_cmd[python]" time="6.427"><failure message="assert False">self = &lt;test.test_end_to_end.TestEndToEnd object at 0x7feb37a47c70&gt;
python_command = 'python', env_for_end_to_end_tests_2 = 'test_output.txt'

    @pytest.mark.usefixtures("env_for_end_to_end_tests_2")
    def test_execute_app_in_cmd(self, python_command,
                                env_for_end_to_end_tests_2):
        fn = env_for_end_to_end_tests_2
        print(python_command)
        subprocess.run(
            f'{python_command} ./main/main.py -i ./egzamples_instructions/out1.txt -s ./egzamples_instructions/settings.yaml -o "{fn}"', shell=True)
    
        with open(fn, 'r', encoding="utf-8") as file:
            data = file.read()
            check = ['# pyMayCoor', '# Histograms', '# Q‚Å± numbers',
                     '# Connections', '# Bond lengths', '# Covalence from Mayer bond orders']
    
        result = True
        for item in check:
            if item not in data:
                result = False
                break
    
&gt;       assert result
E       assert False

test/test_end_to_end.py:25: AssertionError</failure></testcase><testcase classname="test.test_input_data.TestInputDataFromCPMD" name="test_load_populations[0-response0]" time="0.156" /><testcase classname="test.test_input_data.TestInputDataFromCPMD" name="test_load_populations[1-response1]" time="0.154" /><testcase classname="test.test_input_data.TestInputDataFromCPMD" name="test_load_populations[253-response2]" time="0.143" /><testcase classname="test.test_input_data.TestInputDataFromCPMD" name="test_load_populations[254-response3]" time="0.154" /><testcase classname="test.test_input_data.TestInputDataFromCPMD" name="test_load_coordinates_of_atoms[0-response0]" time="0.137" /><testcase classname="test.test_input_data.TestInputDataFromCPMD" name="test_load_coordinates_of_atoms[1-response1]" time="0.140" /><testcase classname="test.test_input_data.TestInputDataFromCPMD" name="test_load_coordinates_of_atoms[253-response2]" time="0.135" /><testcase classname="test.test_input_data.TestInputDataFromCPMD" name="test_load_coordinates_of_atoms[254-response3]" time="0.138" /><testcase classname="test.test_input_data.TestInputDataFromCPMD" name="test_load_mayer_bond_orders" time="0.280" /><testcase classname="test.test_input_data.TestInputDataFromCPMD" name="test_load_unit_cell" time="0.011" /><testcase classname="test.test_input_data.TestInputDataFromCPMD" name="test_load_input_data" time="0.555" /><testcase classname="test.test_input_data.TestInputDataFromCPMD" name="test_return_data" time="0.603" /><testcase classname="test.test_input_data.TestMayerBondOrders" name="test_check_atom_symbol_in_MBO[Fe-True]" time="0.001" /><testcase classname="test.test_input_data.TestMayerBondOrders" name="test_check_atom_symbol_in_MBO[X-False]" time="0.001" /><testcase classname="test.test_input_data.TestMayerBondOrders" name="test_get_mayer_bond_orders_list_between_two_atoms" time="0.000" /><testcase classname="test.test_input_data.TestMayerBondOrders" name="test_get_atoms_ids" time="0.001" /><testcase classname="test.test_input_data.TestCoordinatesOfAtoms" name="test_get_distance_between_atoms" time="0.159" /><testcase classname="test.test_settings.TestSettings" name="test_save_data" time="0.005"><failure message="FileNotFoundError: [Errno 2] No such file or directory: 'test_output.txt'">self = &lt;test.test_settings.TestSettings object at 0x7feb37a97940&gt;
env_for_end_to_end_tests_2 = 'test_output.txt'

    @pytest.mark.usefixtures("env_for_end_to_end_tests_2")
    def test_save_data(self, env_for_end_to_end_tests_2):
        data = {'calculations': {
            'covalence': True,
            'bond_length': True,
            'cn': True,
            'connections': True,
            'q_i': {'bond_id': 'P=O', 'calc': True}},
            'histogram': {'calc': True, 'nr_bars': 10},
            'pairs_atoms_list':
                [{
                    'atom_1': 'P',
                    'atom_2': 'O',
                    'id': 'P=O',
                    'mbo_max': 'INF',
                    'mbo_min': 1.2
                },
            {
                    'atom_1': 'P',
                    'atom_2': 'O',
                    'id': 'P-O',
                    'mbo_max': 'INF',
                    'mbo_min': 0.02
                },
            {
                    'atom_1': 'Al',
                    'atom_2': 'O',
                    'id': 'Al-O',
                    'mbo_max': 'INF',
                    'mbo_min': 0.02}]}
        settings = Settings(data)
        settings.save_data(env_for_end_to_end_tests_2)
&gt;       with open(env_for_end_to_end_tests_2, 'r', encoding="utf-8") as file:
E       FileNotFoundError: [Errno 2] No such file or directory: 'test_output.txt'

test/test_settings.py:40: FileNotFoundError</failure></testcase><testcase classname="test.test_settings.TestSettings" name="test_save_data" time="0.000"><error message="failed on teardown with &quot;FileNotFoundError: [Errno 2] No such file or directory: './test_output.txt'&quot;">request = &lt;SubRequest 'env_for_end_to_end_tests_2' for &lt;Function test_save_data&gt;&gt;

    @pytest.fixture()
    def env_for_end_to_end_tests_2(request):
        file_name = "test_output.txt"
        yield file_name
&gt;       os.remove(f'./{file_name}')
E       FileNotFoundError: [Errno 2] No such file or directory: './test_output.txt'

test/conftest.py:52: FileNotFoundError</error></testcase></testsuite></testsuites>