<?xml version="1.0" encoding="utf-8"?><testsuites><testsuite name="pytest" errors="0" failures="1" skipped="0" tests="52" time="19.410" timestamp="2023-02-10T22:07:55.189939" hostname="fv-az471-826"><testcase classname="test.test_calculations.TestHistogram" name="test_calculate" time="0.002" /><testcase classname="test.test_calculations.TestHistogram" name="test_to_string" time="0.001" /><testcase classname="test.test_calculations.TestCoordinationNumbers" name="test_calculate[1.7]" time="0.001" /><testcase classname="test.test_calculations.TestCoordinationNumbers" name="test_calculate[INF]" time="0.001" /><testcase classname="test.test_calculations.TestCoordinationNumbers" name="test_to_string" time="0.001" /><testcase classname="test.test_calculations.TestCoordinationNumbers" name="test__get_list_of_coordination_numbers" time="0.001" /><testcase classname="test.test_calculations.TestCoordinationNumbers" name="test_calculate_statistics" time="0.001" /><testcase classname="test.test_calculations.TestQiUnits" name="test_calculate[1.7]" time="0.001" /><testcase classname="test.test_calculations.TestQiUnits" name="test_calculate[INF]" time="0.001" /><testcase classname="test.test_calculations.TestQiUnits" name="test_calculate_statistics" time="0.001" /><testcase classname="test.test_calculations.TestQiUnits" name="test_to_string" time="0.001" /><testcase classname="test.test_calculations.TestConnections" name="test_calculate" time="0.001" /><testcase classname="test.test_calculations.TestConnections" name="test_to_string" time="0.001" /><testcase classname="test.test_calculations.TestBondLength" name="test_calculate" time="2.800" /><testcase classname="test.test_calculations.TestBondLength" name="test_to_string" time="0.001" /><testcase classname="test.test_calculations.TestCovalence" name="test_calculate" time="0.000" /><testcase classname="test.test_calculations.TestCovalence" name="test_to_string" time="0.000" /><testcase classname="test.test_calculations.TestEndToEnd" name="test_end_to_end" time="0.331" /><testcase classname="test.test_calculations_for_atoms_lists.Test_FromPairOfAtoms" name="test__get_unique_atom_symbols" time="0.001" /><testcase classname="test.test_calculations_for_atoms_lists.TestHistogramsFromPairOfAtoms" name="test_calculate" time="0.002" /><testcase classname="test.test_calculations_for_atoms_lists.TestHistogramsFromPairOfAtoms" name="test_remove_duplicates" time="0.002" /><testcase classname="test.test_calculations_for_atoms_lists.TestHistogramsFromPairOfAtoms" name="test_to_string" time="0.002" /><testcase classname="test.test_calculations_for_atoms_lists.TestCoordinationNumbersFromPairOfAtoms" name="test_calculate" time="0.001" /><testcase classname="test.test_calculations_for_atoms_lists.TestCoordinationNumbersFromPairOfAtoms" name="test_calculate_statistics" time="0.001" /><testcase classname="test.test_calculations_for_atoms_lists.TestCoordinationNumbersFromPairOfAtoms" name="test_to_string" time="0.001" /><testcase classname="test.test_calculations_for_atoms_lists.TestConnectionsFromPairOfAtoms" name="test_calculate" time="0.001" /><testcase classname="test.test_calculations_for_atoms_lists.TestConnectionsFromPairOfAtoms" name="test_to_string" time="0.001" /><testcase classname="test.test_calculations_for_atoms_lists.TestBondLengthFromPairOfAtoms" name="test_calculate" time="6.495" /><testcase classname="test.test_calculations_for_atoms_lists.TestBondLengthFromPairOfAtoms" name="test_to_string" time="6.524" /><testcase classname="test.test_calculations_for_atoms_lists.TestCovalenceFromPairOfAtoms" name="test_calculate" time="0.001" /><testcase classname="test.test_calculations_for_atoms_lists.TestCovalenceFromPairOfAtoms" name="test_to_string" time="0.000" /><testcase classname="test.test_calculations_for_atoms_lists.TestQiUnitsFromPairOfAtoms" name="test_calculate" time="0.001" /><testcase classname="test.test_calculations_for_atoms_lists.TestQiUnitsFromPairOfAtoms" name="test_calculate_statistics" time="0.001" /><testcase classname="test.test_calculations_for_atoms_lists.TestQiUnitsFromPairOfAtoms" name="test_to_string" time="0.001" /><testcase classname="test.test_end_to_end.TestEndToEnd" name="test_execute_app_in_cmd" time="0.005"><failure message="FileNotFoundError: [Errno 2] No such file or directory: '/tmp/pytest-of-runner/pytest-0/data0/output.txt'">self = &lt;test.test_end_to_end.TestEndToEnd object at 0x7fc898870af0&gt;
env_for_end_to_end_tests = PosixPath('/tmp/pytest-of-runner/pytest-0/data0')

    @pytest.mark.usefixtures("env_for_end_to_end_tests")
    def test_execute_app_in_cmd(self, env_for_end_to_end_tests):
        print(env_for_end_to_end_tests)
        fn = env_for_end_to_end_tests / 'output.txt'
    
        subprocess.run(
            f'python3_10 ./main/main.py -i ./egzamples_instructions/out1.txt -s ./egzamples_instructions/settings.yaml -o "{str(fn)}"', shell=True)
    
&gt;       with open(fn, 'r', encoding="utf-8") as file:
E       FileNotFoundError: [Errno 2] No such file or directory: '/tmp/pytest-of-runner/pytest-0/data0/output.txt'

test/test_end_to_end.py:14: FileNotFoundError</failure></testcase><testcase classname="test.test_input_data.TestInputDataFromCPMD" name="test_load_populations[0-response0]" time="0.161" /><testcase classname="test.test_input_data.TestInputDataFromCPMD" name="test_load_populations[1-response1]" time="0.163" /><testcase classname="test.test_input_data.TestInputDataFromCPMD" name="test_load_populations[253-response2]" time="0.159" /><testcase classname="test.test_input_data.TestInputDataFromCPMD" name="test_load_populations[254-response3]" time="0.155" /><testcase classname="test.test_input_data.TestInputDataFromCPMD" name="test_load_coordinates_of_atoms[0-response0]" time="0.152" /><testcase classname="test.test_input_data.TestInputDataFromCPMD" name="test_load_coordinates_of_atoms[1-response1]" time="0.156" /><testcase classname="test.test_input_data.TestInputDataFromCPMD" name="test_load_coordinates_of_atoms[253-response2]" time="0.156" /><testcase classname="test.test_input_data.TestInputDataFromCPMD" name="test_load_coordinates_of_atoms[254-response3]" time="0.152" /><testcase classname="test.test_input_data.TestInputDataFromCPMD" name="test_load_mayer_bond_orders" time="0.307" /><testcase classname="test.test_input_data.TestInputDataFromCPMD" name="test_load_unit_cell" time="0.011" /><testcase classname="test.test_input_data.TestInputDataFromCPMD" name="test_load_input_data" time="0.567" /><testcase classname="test.test_input_data.TestInputDataFromCPMD" name="test_return_data" time="0.576" /><testcase classname="test.test_input_data.TestMayerBondOrders" name="test_check_atom_symbol_in_MBO[Fe-True]" time="0.001" /><testcase classname="test.test_input_data.TestMayerBondOrders" name="test_check_atom_symbol_in_MBO[X-False]" time="0.001" /><testcase classname="test.test_input_data.TestMayerBondOrders" name="test_get_mayer_bond_orders_list_between_two_atoms" time="0.000" /><testcase classname="test.test_input_data.TestMayerBondOrders" name="test_get_atoms_ids" time="0.000" /><testcase classname="test.test_input_data.TestCoordinatesOfAtoms" name="test_get_distance_between_atoms" time="0.148" /></testsuite></testsuites>