<?xml version="1.0" encoding="utf-8"?><testsuites><testsuite name="pytest" errors="0" failures="0" skipped="0" tests="33" time="5.335" timestamp="2023-02-04T18:12:31.268112" hostname="fv-az735-234"><testcase classname="test.test_calculations.TestHistogram" name="test_calculate" time="0.002" /><testcase classname="test.test_calculations.TestHistogram" name="test_to_string" time="0.001" /><testcase classname="test.test_calculations.TestCoordinationNumbers" name="test_calculate[1.7]" time="0.001" /><testcase classname="test.test_calculations.TestCoordinationNumbers" name="test_calculate[INF]" time="0.001" /><testcase classname="test.test_calculations.TestCoordinationNumbers" name="test_to_string" time="0.000" /><testcase classname="test.test_calculations.TestCoordinationNumbers" name="test__get_list_of_coordination_numbers" time="0.000" /><testcase classname="test.test_calculations.TestCoordinationNumbers" name="test_calculate_statistics" time="0.001" /><testcase classname="test.test_calculations.TestQiUnits" name="test_calculate[1.7]" time="0.001" /><testcase classname="test.test_calculations.TestQiUnits" name="test_calculate[INF]" time="0.001" /><testcase classname="test.test_calculations.TestQiUnits" name="test_calculate_statistics" time="0.000" /><testcase classname="test.test_calculations.TestQiUnits" name="test_to_string" time="0.000" /><testcase classname="test.test_calculations.TestConnections" name="test_calculate" time="0.000" /><testcase classname="test.test_calculations.TestConnections" name="test_to_string" time="0.001" /><testcase classname="test.test_calculations.TestBondLength" name="test_calculate" time="2.598" /><testcase classname="test.test_calculations.TestBondLength" name="test_to_string" time="0.000" /><testcase classname="test.test_calculations.TestCovalence" name="test_calculate" time="0.000" /><testcase classname="test.test_calculations.TestCovalence" name="test_to_string" time="0.000" /><testcase classname="test.test_calculations.TestEndToEnd" name="test_end_to_end" time="0.272" /><testcase classname="test.test_input_data.TestInputDataFromCPMD" name="test_load_populations[0-response0]" time="0.120" /><testcase classname="test.test_input_data.TestInputDataFromCPMD" name="test_load_populations[1-response1]" time="0.130" /><testcase classname="test.test_input_data.TestInputDataFromCPMD" name="test_load_populations[253-response2]" time="0.119" /><testcase classname="test.test_input_data.TestInputDataFromCPMD" name="test_load_populations[254-response3]" time="0.121" /><testcase classname="test.test_input_data.TestInputDataFromCPMD" name="test_load_coordinates_of_atoms[0-response0]" time="0.114" /><testcase classname="test.test_input_data.TestInputDataFromCPMD" name="test_load_coordinates_of_atoms[1-response1]" time="0.115" /><testcase classname="test.test_input_data.TestInputDataFromCPMD" name="test_load_coordinates_of_atoms[253-response2]" time="0.115" /><testcase classname="test.test_input_data.TestInputDataFromCPMD" name="test_load_coordinates_of_atoms[254-response3]" time="0.114" /><testcase classname="test.test_input_data.TestInputDataFromCPMD" name="test_load_mayer_bond_orders" time="0.235" /><testcase classname="test.test_input_data.TestInputDataFromCPMD" name="test_load_unit_cell" time="0.008" /><testcase classname="test.test_input_data.TestInputDataFromCPMD" name="test_load_input_data" time="0.457" /><testcase classname="test.test_input_data.TestInputDataFromCPMD" name="test_return_data" time="0.457" /><testcase classname="test.test_input_data.TestMayerBondOrders" name="test_get_mayer_bond_orders_list_between_two_atoms" time="0.001" /><testcase classname="test.test_input_data.TestMayerBondOrders" name="test_get_atoms_ids" time="0.000" /><testcase classname="test.test_input_data.TestCoordinatesOfAtoms" name="test_get_distance_between_atoms" time="0.121" /></testsuite></testsuites>