<?xml version="1.0" encoding="utf-8"?><testsuites><testsuite name="pytest" errors="0" failures="1" skipped="0" tests="51" time="13.624" timestamp="2023-02-08T17:16:20.565721" hostname="fv-az449-993"><testcase classname="test.test_calculations.TestHistogram" name="test_calculate" time="0.001" /><testcase classname="test.test_calculations.TestHistogram" name="test_to_string" time="0.001" /><testcase classname="test.test_calculations.TestCoordinationNumbers" name="test_calculate[1.7]" time="0.001" /><testcase classname="test.test_calculations.TestCoordinationNumbers" name="test_calculate[INF]" time="0.000" /><testcase classname="test.test_calculations.TestCoordinationNumbers" name="test_to_string" time="0.001"><failure message="AssertionError: assert '## CN of P b...n1 66.667\n\n' == 'CN of P bond...n1 66.667\n\n'&#10;  - CN of P bond: P-O&#10;  + ## CN of P bond: P-O&#10;  ? +++&#10;    &#10;    id: 1 CN: 2&#10;    Bond orders (id: mbo): 2: 0.5, 3: 0.4&#10;    id: 2 CN: 1&#10;    Bond orders (id: mbo): 1: 0.5&#10;    id: 3 CN: 1&#10;    Bond orders (id: mbo): 1: 0.5&#10;    &#10;    Statistics of: P&#10;    &#10;    CN %&#10;    2 33.333&#10;    1 66.667">self = &lt;test.test_calculations.TestCoordinationNumbers object at 0x7f3ef95855d0&gt;

    def test_to_string(self):
        mock_mayer_bond_orders = MayerBondOrders()
    
        string = CoordinationNumbers.calculate(mock_mayer_bond_orders,
                                               'P', 'O', 1.7, 0.2, 'P-O')\
            .calculate_statistics()\
            .to_string()
    
&gt;       assert string == "CN of P bond: P-O\n\n"\
            + "id: 1 CN: 2\n"\
            + "Bond orders (id: mbo): 2: 0.5, 3: 0.4\n"\
            + "id: 2 CN: 1\n"\
            + "Bond orders (id: mbo): 1: 0.5\n"\
            + "id: 3 CN: 1\n"\
            + "Bond orders (id: mbo): 1: 0.5\n\n"\
            + "Statistics of: P\n\n"\
            + "CN %\n"\
            + "2 33.333\n"\
            + "1 66.667\n\n"
E       AssertionError: assert '## CN of P b...n1 66.667\n\n' == 'CN of P bond...n1 66.667\n\n'
E         - CN of P bond: P-O
E         + ## CN of P bond: P-O
E         ? +++
E           
E           id: 1 CN: 2
E           Bond orders (id: mbo): 2: 0.5, 3: 0.4
E           id: 2 CN: 1
E           Bond orders (id: mbo): 1: 0.5
E           id: 3 CN: 1
E           Bond orders (id: mbo): 1: 0.5
E           
E           Statistics of: P
E           
E           CN %
E           2 33.333
E           1 66.667

test/test_calculations.py:78: AssertionError</failure></testcase><testcase classname="test.test_calculations.TestCoordinationNumbers" name="test__get_list_of_coordination_numbers" time="0.000" /><testcase classname="test.test_calculations.TestCoordinationNumbers" name="test_calculate_statistics" time="0.001" /><testcase classname="test.test_calculations.TestQiUnits" name="test_calculate[1.7]" time="0.000" /><testcase classname="test.test_calculations.TestQiUnits" name="test_calculate[INF]" time="0.000" /><testcase classname="test.test_calculations.TestQiUnits" name="test_calculate_statistics" time="0.000" /><testcase classname="test.test_calculations.TestQiUnits" name="test_to_string" time="0.000" /><testcase classname="test.test_calculations.TestConnections" name="test_calculate" time="0.000" /><testcase classname="test.test_calculations.TestConnections" name="test_to_string" time="0.000" /><testcase classname="test.test_calculations.TestBondLength" name="test_calculate" time="1.974" /><testcase classname="test.test_calculations.TestBondLength" name="test_to_string" time="0.000" /><testcase classname="test.test_calculations.TestCovalence" name="test_calculate" time="0.000" /><testcase classname="test.test_calculations.TestCovalence" name="test_to_string" time="0.000" /><testcase classname="test.test_calculations.TestEndToEnd" name="test_end_to_end" time="0.248" /><testcase classname="test.test_calculations_for_atoms_lists.Test_FromPairOfAtoms" name="test__get_unique_atom_symbols" time="0.000" /><testcase classname="test.test_calculations_for_atoms_lists.TestHistogramsFromPairOfAtoms" name="test_calculate" time="0.001" /><testcase classname="test.test_calculations_for_atoms_lists.TestHistogramsFromPairOfAtoms" name="test_remove_duplicates" time="0.001" /><testcase classname="test.test_calculations_for_atoms_lists.TestHistogramsFromPairOfAtoms" name="test_to_string" time="0.001" /><testcase classname="test.test_calculations_for_atoms_lists.TestCoordinationNumbersFromPairOfAtoms" name="test_calculate" time="0.000" /><testcase classname="test.test_calculations_for_atoms_lists.TestCoordinationNumbersFromPairOfAtoms" name="test_calculate_statistics" time="0.001" /><testcase classname="test.test_calculations_for_atoms_lists.TestCoordinationNumbersFromPairOfAtoms" name="test_to_string" time="0.001" /><testcase classname="test.test_calculations_for_atoms_lists.TestConnectionsFromPairOfAtoms" name="test_calculate" time="0.001" /><testcase classname="test.test_calculations_for_atoms_lists.TestConnectionsFromPairOfAtoms" name="test_to_string" time="0.001" /><testcase classname="test.test_calculations_for_atoms_lists.TestBondLengthFromPairOfAtoms" name="test_calculate" time="4.511" /><testcase classname="test.test_calculations_for_atoms_lists.TestBondLengthFromPairOfAtoms" name="test_to_string" time="4.522" /><testcase classname="test.test_calculations_for_atoms_lists.TestCovalenceFromPairOfAtoms" name="test_calculate" time="0.000" /><testcase classname="test.test_calculations_for_atoms_lists.TestCovalenceFromPairOfAtoms" name="test_to_string" time="0.000" /><testcase classname="test.test_calculations_for_atoms_lists.TestQiUnitsFromPairOfAtoms" name="test_calculate" time="0.001" /><testcase classname="test.test_calculations_for_atoms_lists.TestQiUnitsFromPairOfAtoms" name="test_calculate_statistics" time="0.001" /><testcase classname="test.test_calculations_for_atoms_lists.TestQiUnitsFromPairOfAtoms" name="test_to_string" time="0.001" /><testcase classname="test.test_input_data.TestInputDataFromCPMD" name="test_load_populations[0-response0]" time="0.114" /><testcase classname="test.test_input_data.TestInputDataFromCPMD" name="test_load_populations[1-response1]" time="0.112" /><testcase classname="test.test_input_data.TestInputDataFromCPMD" name="test_load_populations[253-response2]" time="0.111" /><testcase classname="test.test_input_data.TestInputDataFromCPMD" name="test_load_populations[254-response3]" time="0.111" /><testcase classname="test.test_input_data.TestInputDataFromCPMD" name="test_load_coordinates_of_atoms[0-response0]" time="0.107" /><testcase classname="test.test_input_data.TestInputDataFromCPMD" name="test_load_coordinates_of_atoms[1-response1]" time="0.107" /><testcase classname="test.test_input_data.TestInputDataFromCPMD" name="test_load_coordinates_of_atoms[253-response2]" time="0.108" /><testcase classname="test.test_input_data.TestInputDataFromCPMD" name="test_load_coordinates_of_atoms[254-response3]" time="0.108" /><testcase classname="test.test_input_data.TestInputDataFromCPMD" name="test_load_mayer_bond_orders" time="0.218" /><testcase classname="test.test_input_data.TestInputDataFromCPMD" name="test_load_unit_cell" time="0.010" /><testcase classname="test.test_input_data.TestInputDataFromCPMD" name="test_load_input_data" time="0.422" /><testcase classname="test.test_input_data.TestInputDataFromCPMD" name="test_return_data" time="0.424" /><testcase classname="test.test_input_data.TestMayerBondOrders" name="test_check_atom_symbol_in_MBO[Fe-True]" time="0.001" /><testcase classname="test.test_input_data.TestMayerBondOrders" name="test_check_atom_symbol_in_MBO[X-False]" time="0.001" /><testcase classname="test.test_input_data.TestMayerBondOrders" name="test_get_mayer_bond_orders_list_between_two_atoms" time="0.000" /><testcase classname="test.test_input_data.TestMayerBondOrders" name="test_get_atoms_ids" time="0.000" /><testcase classname="test.test_input_data.TestCoordinatesOfAtoms" name="test_get_distance_between_atoms" time="0.113" /></testsuite></testsuites>