<?xml version="1.0" encoding="utf-8"?><testsuites><testsuite name="pytest" errors="0" failures="2" skipped="0" tests="49" time="16.430" timestamp="2023-02-08T13:11:26.112847" hostname="fv-az447-595"><testcase classname="test.test_calculations.TestHistogram" name="test_calculate" time="0.002" /><testcase classname="test.test_calculations.TestHistogram" name="test_to_string" time="0.001"><failure message="TypeError: Histogram.to_string() takes 3 positional arguments but 4 were given">self = &lt;test.test_calculations.TestHistogram object at 0x7f51d161ec50&gt;

    def test_to_string(self):
    
        string = Histogram.calculate(self.values, 3)\
&gt;           .to_string('P-O', 'P', 'O')
E       TypeError: Histogram.to_string() takes 3 positional arguments but 4 were given

test/test_calculations.py:38: TypeError</failure></testcase><testcase classname="test.test_calculations.TestCoordinationNumbers" name="test_calculate[1.7]" time="0.001" /><testcase classname="test.test_calculations.TestCoordinationNumbers" name="test_calculate[INF]" time="0.000" /><testcase classname="test.test_calculations.TestCoordinationNumbers" name="test_to_string" time="0.000" /><testcase classname="test.test_calculations.TestCoordinationNumbers" name="test__get_list_of_coordination_numbers" time="0.000" /><testcase classname="test.test_calculations.TestCoordinationNumbers" name="test_calculate_statistics" time="0.001" /><testcase classname="test.test_calculations.TestQiUnits" name="test_calculate[1.7]" time="0.000" /><testcase classname="test.test_calculations.TestQiUnits" name="test_calculate[INF]" time="0.000" /><testcase classname="test.test_calculations.TestQiUnits" name="test_calculate_statistics" time="0.000" /><testcase classname="test.test_calculations.TestQiUnits" name="test_to_string" time="0.000" /><testcase classname="test.test_calculations.TestConnections" name="test_calculate" time="0.000" /><testcase classname="test.test_calculations.TestConnections" name="test_to_string" time="0.000" /><testcase classname="test.test_calculations.TestBondLength" name="test_calculate" time="2.370" /><testcase classname="test.test_calculations.TestBondLength" name="test_to_string" time="0.000" /><testcase classname="test.test_calculations.TestCovalence" name="test_calculate" time="0.000" /><testcase classname="test.test_calculations.TestCovalence" name="test_to_string" time="0.000" /><testcase classname="test.test_calculations.TestEndToEnd" name="test_end_to_end" time="0.285" /><testcase classname="test.test_calculations_for_atoms_lists.Test_FromPairOfAtoms" name="test__get_unique_atom_symbols" time="0.000" /><testcase classname="test.test_calculations_for_atoms_lists.TestHistogramsFromPairOfAtoms" name="test_calculate" time="0.002"><failure message="AssertionError: assert (6 == 5)&#10; +  where 6 = len({'Al-Fe': &lt;main.BondOrderProcessing.bond_order_processing.calculations.Histogram object at 0x7f51d13a2080&gt;, 'Al-O': &lt;m...3a1d80&gt;, 'Fe-P': &lt;main.BondOrderProcessing.bond_order_processing.calculations.Histogram object at 0x7f51d13a20b0&gt;, ...})&#10; +    where {'Al-Fe': &lt;main.BondOrderProcessing.bond_order_processing.calculations.Histogram object at 0x7f51d13a2080&gt;, 'Al-O': &lt;m...3a1d80&gt;, 'Fe-P': &lt;main.BondOrderProcessing.bond_order_processing.calculations.Histogram object at 0x7f51d13a20b0&gt;, ...} = &lt;main.BondOrderProcessing.bond_order_processing.calculations_for_atoms_lists.HistogramsFromPairOfAtoms object at 0x7f51d13a2740&gt;.histograms">self = &lt;test.test_calculations_for_atoms_lists.TestHistogramsFromPairOfAtoms object at 0x7f51d13896c0&gt;

    def test_calculate(self):
        mbos = MayerBondOrders()
    
        result = HistogramsFromPairOfAtoms.calculate(pairs_of_atoms, mbos, 4)
        histogram = result.histograms['P-O']
    
&gt;       assert len(result.histograms) == 5 and \
            result.histograms['P-O'].y == [4, 2, 2, 2]
E       AssertionError: assert (6 == 5)
E        +  where 6 = len({'Al-Fe': &lt;main.BondOrderProcessing.bond_order_processing.calculations.Histogram object at 0x7f51d13a2080&gt;, 'Al-O': &lt;m...3a1d80&gt;, 'Fe-P': &lt;main.BondOrderProcessing.bond_order_processing.calculations.Histogram object at 0x7f51d13a20b0&gt;, ...})
E        +    where {'Al-Fe': &lt;main.BondOrderProcessing.bond_order_processing.calculations.Histogram object at 0x7f51d13a2080&gt;, 'Al-O': &lt;m...3a1d80&gt;, 'Fe-P': &lt;main.BondOrderProcessing.bond_order_processing.calculations.Histogram object at 0x7f51d13a20b0&gt;, ...} = &lt;main.BondOrderProcessing.bond_order_processing.calculations_for_atoms_lists.HistogramsFromPairOfAtoms object at 0x7f51d13a2740&gt;.histograms

test/test_calculations_for_atoms_lists.py:59: AssertionError</failure></testcase><testcase classname="test.test_calculations_for_atoms_lists.TestHistogramsFromPairOfAtoms" name="test_remove_duplicates" time="0.001" /><testcase classname="test.test_calculations_for_atoms_lists.TestHistogramsFromPairOfAtoms" name="test_to_string" time="0.001" /><testcase classname="test.test_calculations_for_atoms_lists.TestCoordinationNumbersFromPairOfAtoms" name="test_calculate" time="0.000" /><testcase classname="test.test_calculations_for_atoms_lists.TestCoordinationNumbersFromPairOfAtoms" name="test_calculate_statistics" time="0.001" /><testcase classname="test.test_calculations_for_atoms_lists.TestCoordinationNumbersFromPairOfAtoms" name="test_to_string" time="0.001" /><testcase classname="test.test_calculations_for_atoms_lists.TestConnectionsFromPairOfAtoms" name="test_calculate" time="0.001" /><testcase classname="test.test_calculations_for_atoms_lists.TestConnectionsFromPairOfAtoms" name="test_to_string" time="0.001" /><testcase classname="test.test_calculations_for_atoms_lists.TestBondLengthFromPairOfAtoms" name="test_calculate" time="5.475" /><testcase classname="test.test_calculations_for_atoms_lists.TestBondLengthFromPairOfAtoms" name="test_to_string" time="5.529" /><testcase classname="test.test_calculations_for_atoms_lists.TestCovalenceFromPairOfAtoms" name="test_calculate" time="0.000" /><testcase classname="test.test_calculations_for_atoms_lists.TestCovalenceFromPairOfAtoms" name="test_to_string" time="0.000" /><testcase classname="test.test_calculations_for_atoms_lists.TestQiUnitsFromPairOfAtoms" name="test_calculate" time="0.001" /><testcase classname="test.test_calculations_for_atoms_lists.TestQiUnitsFromPairOfAtoms" name="test_calculate_statistics" time="0.001" /><testcase classname="test.test_calculations_for_atoms_lists.TestQiUnitsFromPairOfAtoms" name="test_to_string" time="0.001" /><testcase classname="test.test_input_data.TestInputDataFromCPMD" name="test_load_populations[0-response0]" time="0.133" /><testcase classname="test.test_input_data.TestInputDataFromCPMD" name="test_load_populations[1-response1]" time="0.133" /><testcase classname="test.test_input_data.TestInputDataFromCPMD" name="test_load_populations[253-response2]" time="0.133" /><testcase classname="test.test_input_data.TestInputDataFromCPMD" name="test_load_populations[254-response3]" time="0.133" /><testcase classname="test.test_input_data.TestInputDataFromCPMD" name="test_load_coordinates_of_atoms[0-response0]" time="0.128" /><testcase classname="test.test_input_data.TestInputDataFromCPMD" name="test_load_coordinates_of_atoms[1-response1]" time="0.128" /><testcase classname="test.test_input_data.TestInputDataFromCPMD" name="test_load_coordinates_of_atoms[253-response2]" time="0.128" /><testcase classname="test.test_input_data.TestInputDataFromCPMD" name="test_load_coordinates_of_atoms[254-response3]" time="0.128" /><testcase classname="test.test_input_data.TestInputDataFromCPMD" name="test_load_mayer_bond_orders" time="0.251" /><testcase classname="test.test_input_data.TestInputDataFromCPMD" name="test_load_unit_cell" time="0.009" /><testcase classname="test.test_input_data.TestInputDataFromCPMD" name="test_load_input_data" time="0.509" /><testcase classname="test.test_input_data.TestInputDataFromCPMD" name="test_return_data" time="0.496" /><testcase classname="test.test_input_data.TestMayerBondOrders" name="test_get_mayer_bond_orders_list_between_two_atoms" time="0.000" /><testcase classname="test.test_input_data.TestMayerBondOrders" name="test_get_atoms_ids" time="0.000" /><testcase classname="test.test_input_data.TestCoordinatesOfAtoms" name="test_get_distance_between_atoms" time="0.135" /></testsuite></testsuites>