<?xml version="1.0" encoding="utf-8"?><testsuites><testsuite name="pytest" errors="1" failures="1" skipped="0" tests="52" time="16.237" timestamp="2023-02-11T14:02:11.221049" hostname="fv-az305-787"><testcase classname="test.test_calculations.TestHistogram" name="test_calculate" time="0.002" /><testcase classname="test.test_calculations.TestHistogram" name="test_to_string" time="0.001" /><testcase classname="test.test_calculations.TestCoordinationNumbers" name="test_calculate[1.7]" time="0.001" /><testcase classname="test.test_calculations.TestCoordinationNumbers" name="test_calculate[INF]" time="0.000" /><testcase classname="test.test_calculations.TestCoordinationNumbers" name="test_to_string" time="0.000" /><testcase classname="test.test_calculations.TestCoordinationNumbers" name="test__get_list_of_coordination_numbers" time="0.000" /><testcase classname="test.test_calculations.TestCoordinationNumbers" name="test_calculate_statistics" time="0.001" /><testcase classname="test.test_calculations.TestQiUnits" name="test_calculate[1.7]" time="0.000" /><testcase classname="test.test_calculations.TestQiUnits" name="test_calculate[INF]" time="0.000" /><testcase classname="test.test_calculations.TestQiUnits" name="test_calculate_statistics" time="0.000" /><testcase classname="test.test_calculations.TestQiUnits" name="test_to_string" time="0.000" /><testcase classname="test.test_calculations.TestConnections" name="test_calculate" time="0.000" /><testcase classname="test.test_calculations.TestConnections" name="test_to_string" time="0.000" /><testcase classname="test.test_calculations.TestBondLength" name="test_calculate" time="2.346" /><testcase classname="test.test_calculations.TestBondLength" name="test_to_string" time="0.001" /><testcase classname="test.test_calculations.TestCovalence" name="test_calculate" time="0.000" /><testcase classname="test.test_calculations.TestCovalence" name="test_to_string" time="0.000" /><testcase classname="test.test_calculations.TestEndToEnd" name="test_end_to_end" time="0.291" /><testcase classname="test.test_calculations_for_atoms_lists.Test_FromPairOfAtoms" name="test__get_unique_atom_symbols" time="0.000" /><testcase classname="test.test_calculations_for_atoms_lists.TestHistogramsFromPairOfAtoms" name="test_calculate" time="0.001" /><testcase classname="test.test_calculations_for_atoms_lists.TestHistogramsFromPairOfAtoms" name="test_remove_duplicates" time="0.001" /><testcase classname="test.test_calculations_for_atoms_lists.TestHistogramsFromPairOfAtoms" name="test_to_string" time="0.001" /><testcase classname="test.test_calculations_for_atoms_lists.TestCoordinationNumbersFromPairOfAtoms" name="test_calculate" time="0.000" /><testcase classname="test.test_calculations_for_atoms_lists.TestCoordinationNumbersFromPairOfAtoms" name="test_calculate_statistics" time="0.001" /><testcase classname="test.test_calculations_for_atoms_lists.TestCoordinationNumbersFromPairOfAtoms" name="test_to_string" time="0.001" /><testcase classname="test.test_calculations_for_atoms_lists.TestConnectionsFromPairOfAtoms" name="test_calculate" time="0.001" /><testcase classname="test.test_calculations_for_atoms_lists.TestConnectionsFromPairOfAtoms" name="test_to_string" time="0.001" /><testcase classname="test.test_calculations_for_atoms_lists.TestBondLengthFromPairOfAtoms" name="test_calculate" time="5.424" /><testcase classname="test.test_calculations_for_atoms_lists.TestBondLengthFromPairOfAtoms" name="test_to_string" time="5.419" /><testcase classname="test.test_calculations_for_atoms_lists.TestCovalenceFromPairOfAtoms" name="test_calculate" time="0.000" /><testcase classname="test.test_calculations_for_atoms_lists.TestCovalenceFromPairOfAtoms" name="test_to_string" time="0.000" /><testcase classname="test.test_calculations_for_atoms_lists.TestQiUnitsFromPairOfAtoms" name="test_calculate" time="0.001" /><testcase classname="test.test_calculations_for_atoms_lists.TestQiUnitsFromPairOfAtoms" name="test_calculate_statistics" time="0.001" /><testcase classname="test.test_calculations_for_atoms_lists.TestQiUnitsFromPairOfAtoms" name="test_to_string" time="0.001" /><testcase classname="test.test_end_to_end.TestEndToEnd" name="test_execute_app_in_cmd" time="0.002"><failure message="FileNotFoundError: [Errno 2] No such file or directory: 'test_output.txt'">self = &lt;test.test_end_to_end.TestEndToEnd object at 0x7f839f9c8c40&gt;
env_for_end_to_end_tests_2 = 'test_output.txt'

    @pytest.mark.usefixtures("env_for_end_to_end_tests_2")
    def test_execute_app_in_cmd(self, env_for_end_to_end_tests_2):
        fn = env_for_end_to_end_tests_2
    
        subprocess.run(
            f'python3_10 ./main/main.py -i ./egzamples_instructions/out1.txt -s ./egzamples_instructions/settings.yaml -o "{fn}"', shell=True)
    
&gt;       with open(fn, 'r', encoding="utf-8") as file:
E       FileNotFoundError: [Errno 2] No such file or directory: 'test_output.txt'

test/test_end_to_end.py:13: FileNotFoundError</failure></testcase><testcase classname="test.test_end_to_end.TestEndToEnd" name="test_execute_app_in_cmd" time="0.000"><error message="failed on teardown with &quot;FileNotFoundError: [Errno 2] No such file or directory: './test_output.txt'&quot;">request = &lt;SubRequest 'env_for_end_to_end_tests_2' for &lt;Function test_execute_app_in_cmd&gt;&gt;

    @pytest.fixture()
    def env_for_end_to_end_tests_2(request):
        file_name = "test_output.txt"
        yield file_name
&gt;       os.remove(f'./{file_name}')
E       FileNotFoundError: [Errno 2] No such file or directory: './test_output.txt'

test/conftest.py:40: FileNotFoundError</error></testcase><testcase classname="test.test_input_data.TestInputDataFromCPMD" name="test_load_populations[0-response0]" time="0.132" /><testcase classname="test.test_input_data.TestInputDataFromCPMD" name="test_load_populations[1-response1]" time="0.133" /><testcase classname="test.test_input_data.TestInputDataFromCPMD" name="test_load_populations[253-response2]" time="0.133" /><testcase classname="test.test_input_data.TestInputDataFromCPMD" name="test_load_populations[254-response3]" time="0.132" /><testcase classname="test.test_input_data.TestInputDataFromCPMD" name="test_load_coordinates_of_atoms[0-response0]" time="0.127" /><testcase classname="test.test_input_data.TestInputDataFromCPMD" name="test_load_coordinates_of_atoms[1-response1]" time="0.127" /><testcase classname="test.test_input_data.TestInputDataFromCPMD" name="test_load_coordinates_of_atoms[253-response2]" time="0.127" /><testcase classname="test.test_input_data.TestInputDataFromCPMD" name="test_load_coordinates_of_atoms[254-response3]" time="0.127" /><testcase classname="test.test_input_data.TestInputDataFromCPMD" name="test_load_mayer_bond_orders" time="0.256" /><testcase classname="test.test_input_data.TestInputDataFromCPMD" name="test_load_unit_cell" time="0.008" /><testcase classname="test.test_input_data.TestInputDataFromCPMD" name="test_load_input_data" time="0.503" /><testcase classname="test.test_input_data.TestInputDataFromCPMD" name="test_return_data" time="0.503" /><testcase classname="test.test_input_data.TestMayerBondOrders" name="test_check_atom_symbol_in_MBO[Fe-True]" time="0.001" /><testcase classname="test.test_input_data.TestMayerBondOrders" name="test_check_atom_symbol_in_MBO[X-False]" time="0.001" /><testcase classname="test.test_input_data.TestMayerBondOrders" name="test_get_mayer_bond_orders_list_between_two_atoms" time="0.000" /><testcase classname="test.test_input_data.TestMayerBondOrders" name="test_get_atoms_ids" time="0.000" /><testcase classname="test.test_input_data.TestCoordinatesOfAtoms" name="test_get_distance_between_atoms" time="0.132" /></testsuite></testsuites>