============================= test session starts ==============================
platform linux -- Python 3.10.6, pytest-7.2.1, pluggy-1.0.0
rootdir: /home/runner/work/pyMayCoor/pyMayCoor
plugins: cov-4.0.0
collected 34 items

test/test_calculations.py ..................
test/test_calculations_for_atoms_lists.py .
test/test_input_data.py ...............

----- generated xml file: /home/runner/work/pyMayCoor/pyMayCoor/pytest.xml -----

---------- coverage: platform linux, python 3.10.6-final-0 -----------
Name                                                                             Stmts   Miss  Cover   Missing
--------------------------------------------------------------------------------------------------------------
main/BondOrderProcessing/bond_order_processing/calculations.py                     348     12    97%   40, 44, 51, 170, 316, 481, 494, 644, 646-647, 684-685
main/BondOrderProcessing/bond_order_processing/calculations_for_atoms_lists.py      49     14    71%   30, 34, 41, 45, 49, 56, 60, 68, 72, 79, 83, 90, 94, 98
main/BondOrderProcessing/bond_order_processing/input_data.py                       396     46    88%   82-94, 116-149, 179-183, 219, 228-232, 285, 298-299, 354-358, 402-413, 450-451, 457, 471, 478, 635, 642, 680, 705, 728, 777, 887
--------------------------------------------------------------------------------------------------------------
TOTAL                                                                              793     72    91%

1 file skipped due to complete coverage.

============================== 34 passed in 5.30s ==============================
